{"/home/lwj/code/js/nodejslearn/lesson6/app.js":{"path":"/home/lwj/code/js/nodejslearn/lesson6/app.js","s":{"1":1,"2":178,"3":35,"4":143,"5":55,"6":88,"7":1,"8":0,"9":0,"10":1},"b":{"1":[35,143],"2":[55,88],"3":[0,1]},"f":{"1":178},"fnMap":{"1":{"name":"(anonymous_1)","line":1,"loc":{"start":{"line":1,"column":16},"end":{"line":1,"column":29}}}},"statementMap":{"1":{"start":{"line":1,"column":0},"end":{"line":9,"column":1}},"2":{"start":{"line":2,"column":4},"end":{"line":4,"column":5}},"3":{"start":{"line":3,"column":8},"end":{"line":3,"column":17}},"4":{"start":{"line":5,"column":4},"end":{"line":7,"column":5}},"5":{"start":{"line":6,"column":8},"end":{"line":6,"column":17}},"6":{"start":{"line":8,"column":4},"end":{"line":8,"column":47}},"7":{"start":{"line":11,"column":0},"end":{"line":14,"column":1}},"8":{"start":{"line":12,"column":4},"end":{"line":12,"column":36}},"9":{"start":{"line":13,"column":4},"end":{"line":13,"column":55}},"10":{"start":{"line":17,"column":0},"end":{"line":17,"column":30}}},"branchMap":{"1":{"line":2,"type":"if","locations":[{"start":{"line":2,"column":4},"end":{"line":2,"column":4}},{"start":{"line":2,"column":4},"end":{"line":2,"column":4}}]},"2":{"line":5,"type":"if","locations":[{"start":{"line":5,"column":4},"end":{"line":5,"column":4}},{"start":{"line":5,"column":4},"end":{"line":5,"column":4}}]},"3":{"line":11,"type":"if","locations":[{"start":{"line":11,"column":0},"end":{"line":11,"column":0}},{"start":{"line":11,"column":0},"end":{"line":11,"column":0}}]}}}}